<?xml version="1.0" encoding="UTF-8"?>
<!-- Generated by org.testng.reporters.JUnitReportReporter -->
<testsuite hostname="LAPTOP-R9DA3E8J" failures="0" tests="1" name="CucumberOptions.TestRunnerTestNg" time="34.081" errors="0" timestamp="2020-04-08T16:41:59 PDT" skipped="0">
  <testcase classname="CucumberOptions.TestRunnerTestNg" name="runScenario" time="34.081"/>
  <system-out/>
</testsuite> <!-- CucumberOptions.TestRunnerTestNg -->
